<?xml version="1.0" encoding="UTF-8"?>
<!-- Generated by org.testng.reporters.JUnitXMLReporter -->
<testsuite hostname="DELL-PC" ignored="0" name="Test" tests="3" failures="0" timestamp="2020-06-28T08:14:19 EDT" time="62.199" errors="0">
  <testcase name="basePageNavigation" time="0.226" classname="Dance.ValidateTest"/>
  <testcase name="basePageNavigation" time="24.873" classname="Dance.HomePage"/>
  <testcase name="basePageNavigation" time="24.725" classname="Dance.HomePage"/>
</testsuite> <!-- Test -->
