<?xml version="1.0" encoding="UTF-8"?>
<!-- Generated by org.testng.reporters.JUnitXMLReporter -->
<testsuite hostname="DELL-PC" ignored="0" name="Testing User LogIn" tests="3" failures="0" timestamp="2020-07-02T12:21:41 EDT" time="53.277" errors="0">
  <testcase name="Forgot" time="20.385" classname="Dance.HomePage"/>
  <testcase name="basePageNavigation" time="14.697" classname="Dance.HomePage"/>
  <testcase name="basePageNavigation" time="16.738" classname="Dance.HomePage"/>
</testsuite> <!-- Testing User LogIn -->
