<?xml version="1.0" encoding="UTF-8"?>
<!-- Generated by org.testng.reporters.JUnitXMLReporter -->
<testsuite hostname="DELL-PC" ignored="0" name="Test" tests="3" failures="0" timestamp="2020-06-28T11:00:18 EDT" time="39.552" errors="0">
  <testcase name="basePageNavigation" time="0.2" classname="Dance.ValidateTest"/>
  <testcase name="basePageNavigation" time="13.137" classname="Dance.HomePage"/>
  <testcase name="basePageNavigation" time="13.495" classname="Dance.HomePage"/>
</testsuite> <!-- Test -->
